2024-04-18 00:19:45 6512 [Note] Plugin 'FEDERATED' is disabled.
2024-04-18 00:19:45 6512 [Note] InnoDB: Using atomics to ref count buffer pool pages
2024-04-18 00:19:45 6512 [Note] InnoDB: The InnoDB memory heap is disabled
2024-04-18 00:19:45 6512 [Note] InnoDB: Mutexes and rw_locks use Windows interlocked functions
2024-04-18 00:19:45 6512 [Note] InnoDB: Memory barrier is not used
2024-04-18 00:19:45 6512 [Note] InnoDB: Compressed tables use zlib 1.2.3
2024-04-18 00:19:45 6512 [Note] InnoDB: Not using CPU crc32 instructions
2024-04-18 00:19:45 6512 [Note] InnoDB: Initializing buffer pool, size = 32.0M
2024-04-18 00:19:45 6512 [Note] InnoDB: Completed initialization of buffer pool
2024-04-18 00:19:45 6512 [Note] InnoDB: Highest supported file format is Barracuda.
2024-04-18 00:19:45 6512 [Note] InnoDB: 128 rollback segment(s) are active.
2024-04-18 00:19:45 6512 [Note] InnoDB: Waiting for purge to start
2024-04-18 00:19:45 6512 [Note] InnoDB: 5.6.35 started; log sequence number 1771182
2024-04-18 00:19:45 6512 [Warning] No existing UUID has been found, so we assume that this is the first time that this server has been started. Generating a new UUID: 08541771-fd54-11ee-b16e-a8a1592e57d0.
2024-04-18 00:19:45 6512 [Note] Server hostname (bind-address): '127.0.0.1'; port: 3306
2024-04-18 00:19:45 6512 [Note]   - '127.0.0.1' resolves to '127.0.0.1';
2024-04-18 00:19:45 6512 [Note] Server socket created on IP: '127.0.0.1'.
2024-04-18 00:19:45 6512 [Note] Event Scheduler: Loaded 0 events
2024-04-18 00:19:45 6512 [Note] Execution of init_file 'C:\local\temp\UniServerZ\core\mysql\bin\mysql-init.txt' started.
2024-04-18 00:19:45 6512 [Note] Execution of init_file 'C:\local\temp\UniServerZ\core\mysql\bin\mysql-init.txt' ended.
2024-04-18 00:19:45 6512 [Note] C:\local\temp\UniServerZ\core\mysql\bin\mysqld_z.exe: ready for connections.
Version: '5.6.35'  socket: ''  port: 3306  MySQL Community Server (GPL)
2024-04-18 00:21:47 12544 [Note] Plugin 'FEDERATED' is disabled.
2024-04-18 00:21:47 12544 [Note] InnoDB: Using atomics to ref count buffer pool pages
2024-04-18 00:21:47 12544 [Note] InnoDB: The InnoDB memory heap is disabled
2024-04-18 00:21:47 12544 [Note] InnoDB: Mutexes and rw_locks use Windows interlocked functions
2024-04-18 00:21:47 12544 [Note] InnoDB: Memory barrier is not used
2024-04-18 00:21:47 12544 [Note] InnoDB: Compressed tables use zlib 1.2.3
2024-04-18 00:21:47 12544 [Note] InnoDB: Not using CPU crc32 instructions
2024-04-18 00:21:47 12544 [Note] InnoDB: Initializing buffer pool, size = 32.0M
2024-04-18 00:21:47 12544 [Note] InnoDB: Completed initialization of buffer pool
2024-04-18 00:21:47 12544 [Note] InnoDB: Highest supported file format is Barracuda.
2024-04-18 00:21:47 12544 [Note] InnoDB: 128 rollback segment(s) are active.
2024-04-18 00:21:47 12544 [Note] InnoDB: Waiting for purge to start
2024-04-18 00:21:47 12544 [Note] InnoDB: 5.6.35 started; log sequence number 1771182
2024-04-18 00:21:47 12544 [Note] Server hostname (bind-address): '127.0.0.1'; port: 3306
2024-04-18 00:21:47 12544 [Note]   - '127.0.0.1' resolves to '127.0.0.1';
2024-04-18 00:21:47 12544 [Note] Server socket created on IP: '127.0.0.1'.
2024-04-18 00:21:47 12544 [Note] Event Scheduler: Loaded 0 events
2024-04-18 00:21:47 12544 [Note] C:\local\temp\UniServerZ\core\mysql\bin\mysqld_z.exe: ready for connections.
Version: '5.6.35'  socket: ''  port: 3306  MySQL Community Server (GPL)
2024-04-18 23:21:45 16396 [Note] Plugin 'FEDERATED' is disabled.
2024-04-18 23:21:45 16396 [Note] InnoDB: Using atomics to ref count buffer pool pages
2024-04-18 23:21:45 16396 [Note] InnoDB: The InnoDB memory heap is disabled
2024-04-18 23:21:45 16396 [Note] InnoDB: Mutexes and rw_locks use Windows interlocked functions
2024-04-18 23:21:45 16396 [Note] InnoDB: Memory barrier is not used
2024-04-18 23:21:45 16396 [Note] InnoDB: Compressed tables use zlib 1.2.3
2024-04-18 23:21:45 16396 [Note] InnoDB: Not using CPU crc32 instructions
2024-04-18 23:21:45 16396 [Note] InnoDB: Initializing buffer pool, size = 32.0M
2024-04-18 23:21:45 16396 [Note] InnoDB: Completed initialization of buffer pool
2024-04-18 23:21:45 16396 [Note] InnoDB: Highest supported file format is Barracuda.
2024-04-18 23:21:45 16396 [Note] InnoDB: The log sequence numbers 1771182 and 1771182 in ibdata files do not match the log sequence number 2085320 in the ib_logfiles!
2024-04-18 23:21:45 16396 [Note] InnoDB: Database was not shutdown normally!
2024-04-18 23:21:45 16396 [Note] InnoDB: Starting crash recovery.
2024-04-18 23:21:45 16396 [Note] InnoDB: Reading tablespace information from the .ibd files...
2024-04-18 23:21:45 16396 [Note] InnoDB: Restoring possible half-written data pages 
2024-04-18 23:21:45 16396 [Note] InnoDB: from the doublewrite buffer...
2024-04-18 23:21:45 16396 [Note] InnoDB: 128 rollback segment(s) are active.
2024-04-18 23:21:45 16396 [Note] InnoDB: Waiting for purge to start
2024-04-18 23:21:45 16396 [Note] InnoDB: 5.6.35 started; log sequence number 2085320
2024-04-18 23:21:45 16396 [Note] Server hostname (bind-address): '127.0.0.1'; port: 3306
2024-04-18 23:21:45 16396 [Note]   - '127.0.0.1' resolves to '127.0.0.1';
2024-04-18 23:21:45 16396 [Note] Server socket created on IP: '127.0.0.1'.
2024-04-18 23:21:46 16396 [Note] Event Scheduler: Loaded 0 events
2024-04-18 23:21:46 16396 [Note] C:\local\temp\UniServerZ\core\mysql\bin\mysqld_z.exe: ready for connections.
Version: '5.6.35'  socket: ''  port: 3306  MySQL Community Server (GPL)
2024-04-22 00:35:28 21232 [Note] Plugin 'FEDERATED' is disabled.
2024-04-22 00:35:28 21232 [Note] InnoDB: Using atomics to ref count buffer pool pages
2024-04-22 00:35:28 21232 [Note] InnoDB: The InnoDB memory heap is disabled
2024-04-22 00:35:28 21232 [Note] InnoDB: Mutexes and rw_locks use Windows interlocked functions
2024-04-22 00:35:28 21232 [Note] InnoDB: Memory barrier is not used
2024-04-22 00:35:28 21232 [Note] InnoDB: Compressed tables use zlib 1.2.3
2024-04-22 00:35:28 21232 [Note] InnoDB: Not using CPU crc32 instructions
2024-04-22 00:35:28 21232 [Note] InnoDB: Initializing buffer pool, size = 32.0M
2024-04-22 00:35:28 21232 [Note] InnoDB: Completed initialization of buffer pool
2024-04-22 00:35:28 21232 [Note] InnoDB: Highest supported file format is Barracuda.
2024-04-22 00:35:28 21232 [Note] InnoDB: The log sequence numbers 1771182 and 1771182 in ibdata files do not match the log sequence number 2085330 in the ib_logfiles!
2024-04-22 00:35:28 21232 [Note] InnoDB: Database was not shutdown normally!
2024-04-22 00:35:28 21232 [Note] InnoDB: Starting crash recovery.
2024-04-22 00:35:28 21232 [Note] InnoDB: Reading tablespace information from the .ibd files...
2024-04-22 00:35:28 21232 [Note] InnoDB: Restoring possible half-written data pages 
2024-04-22 00:35:28 21232 [Note] InnoDB: from the doublewrite buffer...
2024-04-22 00:35:29 21232 [Note] InnoDB: 128 rollback segment(s) are active.
2024-04-22 00:35:29 21232 [Note] InnoDB: Waiting for purge to start
2024-04-22 00:35:29 21232 [Note] InnoDB: 5.6.35 started; log sequence number 2085330
2024-04-22 00:35:29 21232 [Note] Server hostname (bind-address): '127.0.0.1'; port: 3306
2024-04-22 00:35:29 21232 [Note]   - '127.0.0.1' resolves to '127.0.0.1';
2024-04-22 00:35:29 21232 [Note] Server socket created on IP: '127.0.0.1'.
2024-04-22 00:35:29 21232 [Note] Event Scheduler: Loaded 0 events
2024-04-22 00:35:29 21232 [Note] C:\local\temp\UniServerZ\core\mysql\bin\mysqld_z.exe: ready for connections.
Version: '5.6.35'  socket: ''  port: 3306  MySQL Community Server (GPL)
2024-04-22 18:42:40 17964 [Note] Plugin 'FEDERATED' is disabled.
2024-04-22 18:42:40 17964 [Note] InnoDB: Using atomics to ref count buffer pool pages
2024-04-22 18:42:40 17964 [Note] InnoDB: The InnoDB memory heap is disabled
2024-04-22 18:42:40 17964 [Note] InnoDB: Mutexes and rw_locks use Windows interlocked functions
2024-04-22 18:42:40 17964 [Note] InnoDB: Memory barrier is not used
2024-04-22 18:42:40 17964 [Note] InnoDB: Compressed tables use zlib 1.2.3
2024-04-22 18:42:40 17964 [Note] InnoDB: Not using CPU crc32 instructions
2024-04-22 18:42:40 17964 [Note] InnoDB: Initializing buffer pool, size = 32.0M
2024-04-22 18:42:40 17964 [Note] InnoDB: Completed initialization of buffer pool
2024-04-22 18:42:40 17964 [Note] InnoDB: Highest supported file format is Barracuda.
2024-04-22 18:42:40 17964 [Note] InnoDB: The log sequence numbers 1771182 and 1771182 in ibdata files do not match the log sequence number 2347431 in the ib_logfiles!
2024-04-22 18:42:40 17964 [Note] InnoDB: Database was not shutdown normally!
2024-04-22 18:42:40 17964 [Note] InnoDB: Starting crash recovery.
2024-04-22 18:42:40 17964 [Note] InnoDB: Reading tablespace information from the .ibd files...
2024-04-22 18:42:40 17964 [Note] InnoDB: Restoring possible half-written data pages 
2024-04-22 18:42:40 17964 [Note] InnoDB: from the doublewrite buffer...
2024-04-22 18:42:41 17964 [Note] InnoDB: 128 rollback segment(s) are active.
2024-04-22 18:42:41 17964 [Note] InnoDB: Waiting for purge to start
2024-04-22 18:42:41 17964 [Note] InnoDB: 5.6.35 started; log sequence number 2347431
2024-04-22 18:42:41 17964 [Note] Server hostname (bind-address): '127.0.0.1'; port: 3306
2024-04-22 18:42:41 17964 [Note]   - '127.0.0.1' resolves to '127.0.0.1';
2024-04-22 18:42:41 17964 [Note] Server socket created on IP: '127.0.0.1'.
2024-04-22 18:42:41 17964 [Note] Event Scheduler: Loaded 0 events
2024-04-22 18:42:41 17964 [Note] C:\local\temp\UniServerZ\core\mysql\bin\mysqld_z.exe: ready for connections.
Version: '5.6.35'  socket: ''  port: 3306  MySQL Community Server (GPL)
2024-04-22 21:53:05 13092 [Note] Plugin 'FEDERATED' is disabled.
2024-04-22 21:53:05 13092 [Note] InnoDB: Using atomics to ref count buffer pool pages
2024-04-22 21:53:05 13092 [Note] InnoDB: The InnoDB memory heap is disabled
2024-04-22 21:53:05 13092 [Note] InnoDB: Mutexes and rw_locks use Windows interlocked functions
2024-04-22 21:53:05 13092 [Note] InnoDB: Memory barrier is not used
2024-04-22 21:53:05 13092 [Note] InnoDB: Compressed tables use zlib 1.2.3
2024-04-22 21:53:05 13092 [Note] InnoDB: Not using CPU crc32 instructions
2024-04-22 21:53:05 13092 [Note] InnoDB: Initializing buffer pool, size = 32.0M
2024-04-22 21:53:05 13092 [Note] InnoDB: Completed initialization of buffer pool
2024-04-22 21:53:05 13092 [Note] InnoDB: Highest supported file format is Barracuda.
2024-04-22 21:53:05 13092 [Note] InnoDB: The log sequence numbers 1771182 and 1771182 in ibdata files do not match the log sequence number 2434589 in the ib_logfiles!
2024-04-22 21:53:05 13092 [Note] InnoDB: Database was not shutdown normally!
2024-04-22 21:53:05 13092 [Note] InnoDB: Starting crash recovery.
2024-04-22 21:53:05 13092 [Note] InnoDB: Reading tablespace information from the .ibd files...
2024-04-22 21:53:05 13092 [Note] InnoDB: Restoring possible half-written data pages 
2024-04-22 21:53:05 13092 [Note] InnoDB: from the doublewrite buffer...
2024-04-22 21:53:06 13092 [Note] InnoDB: 128 rollback segment(s) are active.
2024-04-22 21:53:06 13092 [Note] InnoDB: Waiting for purge to start
2024-04-22 21:53:06 13092 [Note] InnoDB: 5.6.35 started; log sequence number 2434589
2024-04-22 21:53:06 13092 [Note] Server hostname (bind-address): '127.0.0.1'; port: 3306
2024-04-22 21:53:06 13092 [Note]   - '127.0.0.1' resolves to '127.0.0.1';
2024-04-22 21:53:06 13092 [Note] Server socket created on IP: '127.0.0.1'.
2024-04-22 21:53:06 13092 [Note] Event Scheduler: Loaded 0 events
2024-04-22 21:53:06 13092 [Note] C:\local\temp\UniServerZ\core\mysql\bin\mysqld_z.exe: ready for connections.
Version: '5.6.35'  socket: ''  port: 3306  MySQL Community Server (GPL)
